<?xml version="1.0" encoding="UTF-8"?>
<testng-results total="1" passed="1" failed="0" skipped="0">
  <reporter-output>
  </reporter-output>
  <suite started-at="2019-08-25T20:14:32Z" name="runner.RunTest" finished-at="2019-08-25T20:17:21Z" duration-ms="168566">
    <groups>
      <group name="cucumber">
        <method signature="RunTest.feature(cucumber.api.testng.CucumberFeatureWrapper)[pri:0, instance:runner.RunTest@1500955a]" name="feature" class="runner.RunTest"/>
      </group> <!-- cucumber -->
    </groups>
    <test started-at="2019-08-25T20:14:32Z" name="Command line test 25b9f051-5945-4466-a6e3-5ea51c7d3aa0" finished-at="2019-08-25T20:17:21Z" duration-ms="168566">
      <class name="runner.RunTest">
        <test-method is-config="true" signature="setUpClass()[pri:0, instance:runner.RunTest@1500955a]" started-at="2019-08-26T01:44:32Z" name="setUpClass" finished-at="2019-08-26T01:44:33Z" duration-ms="485" status="PASS">
          <reporter-output>
          </reporter-output>
        </test-method> <!-- setUpClass -->
        <test-method signature="feature(cucumber.api.testng.CucumberFeatureWrapper)[pri:0, instance:runner.RunTest@1500955a]" started-at="2019-08-26T01:44:33Z" name="feature" description="Runs Cucumber Feature" data-provider="features" finished-at="2019-08-26T01:47:21Z" duration-ms="167865" status="PASS">
          <params>
            <param index="0">
              <value>
                <![CDATA[Usabilla Feedback tests coverage]]>
              </value>
            </param>
          </params>
          <reporter-output>
          </reporter-output>
        </test-method> <!-- feature -->
        <test-method is-config="true" signature="tearDownClass()[pri:0, instance:runner.RunTest@1500955a]" started-at="2019-08-26T01:47:21Z" name="tearDownClass" finished-at="2019-08-26T01:47:21Z" duration-ms="33" status="PASS">
          <reporter-output>
          </reporter-output>
        </test-method> <!-- tearDownClass -->
      </class> <!-- runner.RunTest -->
    </test> <!-- Command line test 25b9f051-5945-4466-a6e3-5ea51c7d3aa0 -->
  </suite> <!-- runner.RunTest -->
  <suite started-at="2019-08-25T20:17:21Z" name="seleniumgluecode.FeedbackTest" finished-at="2019-08-25T20:17:21Z" duration-ms="0">
    <groups>
    </groups>
    <test started-at="2019-08-25T20:17:21Z" name="Command line test 9115cdce-3198-4a6e-bfa8-a783850aedf5" finished-at="2019-08-25T20:17:21Z" duration-ms="0">
    </test> <!-- Command line test 9115cdce-3198-4a6e-bfa8-a783850aedf5 -->
  </suite> <!-- seleniumgluecode.FeedbackTest -->
</testng-results>
