<?xml version="1.0" encoding="UTF-8"?>
<testng-results total="1" passed="1" failed="0" skipped="0">
  <reporter-output>
  </reporter-output>
  <suite started-at="2019-08-25T19:30:43Z" name="Usabilla Test Suite" finished-at="2019-08-25T19:33:23Z" duration-ms="159515">
    <groups>
      <group name="cucumber">
        <method signature="RunTest.feature(cucumber.api.testng.CucumberFeatureWrapper)[pri:0, instance:runner.RunTest@358ee631]" name="feature" class="runner.RunTest"/>
      </group> <!-- cucumber -->
    </groups>
    <test started-at="2019-08-25T19:30:43Z" name="ChromeTest" finished-at="2019-08-25T19:33:23Z" duration-ms="159515">
      <class name="runner.RunTest">
        <test-method is-config="true" signature="setUpClass()[pri:0, instance:runner.RunTest@358ee631]" started-at="2019-08-26T01:00:43Z" name="setUpClass" finished-at="2019-08-26T01:00:44Z" duration-ms="591" status="PASS">
          <reporter-output>
          </reporter-output>
        </test-method> <!-- setUpClass -->
        <test-method signature="feature(cucumber.api.testng.CucumberFeatureWrapper)[pri:0, instance:runner.RunTest@358ee631]" started-at="2019-08-26T01:00:44Z" name="feature" description="Runs Cucumber Feature" data-provider="features" finished-at="2019-08-26T01:03:23Z" duration-ms="158644" status="PASS">
          <params>
            <param index="0">
              <value>
                <![CDATA[Generic Feedback tests]]>
              </value>
            </param>
          </params>
          <reporter-output>
          </reporter-output>
        </test-method> <!-- feature -->
        <test-method is-config="true" signature="tearDownClass()[pri:0, instance:runner.RunTest@358ee631]" started-at="2019-08-26T01:03:23Z" name="tearDownClass" finished-at="2019-08-26T01:03:23Z" duration-ms="6" status="PASS">
          <reporter-output>
          </reporter-output>
        </test-method> <!-- tearDownClass -->
      </class> <!-- runner.RunTest -->
    </test> <!-- ChromeTest -->
  </suite> <!-- Usabilla Test Suite -->
</testng-results>
